$ vite build && cap sync android && cap run android
vite v8.0.3 building client environment for production...
[2Ktransforming...
images/layers.png referenced in images/layers.png didn't resolve at build time, it will remain unchanged to be resolved at runtime

images/layers-2x.png referenced in images/layers-2x.png didn't resolve at build time, it will remain unchanged to be resolved at runtime

images/marker-icon.png referenced in images/marker-icon.png didn't resolve at build time, it will remain unchanged to be resolved at runtime
✓ 148 modules transformed.
rendering chunks...
computing gzip size...
dist/index.html                     1.34 kB │ gzip:   0.62 kB
dist/assets/index-BP-gLAcE.css     81.80 kB │ gzip:  18.96 kB
dist/assets/web-Bf_ZEgVH.js         1.09 kB │ gzip:   0.49 kB
dist/assets/web-Pw3P27fh.js         1.63 kB │ gzip:   0.61 kB
dist/assets/index-ptqBMOpD.js   1,396.63 kB │ gzip: 307.31 kB

✓ built in 1.01s
Development mode, bundle is load from http://192.168.1.153:5173/
✔ Copying web assets from dist to android/app/src/main/assets/public in 7.46ms
✔ Creating capacitor.config.json in android/app/src/main/assets in 843.97μs
✔ copy android in 116.34ms
✔ Updating Android plugins in 31.29ms
[info] Found 5 Capacitor plugins for android:
       @capacitor/app@8.1.0
       @capacitor/camera@8.0.2
       @capacitor/haptics@8.0.2
       @capacitor/network@6.0.4
       @capacitor/splash-screen@8.0.1
✔ update android in 174.91ms
[info] Sync finished in 0.411s
Development mode, bundle is load from http://192.168.1.153:5173/
✔ Copying web assets from dist to android/app/src/main/assets/public in 7.80ms
✔ Creating capacitor.config.json in android/app/src/main/assets in 825.31μs
[info] Inlining sourcemaps
✔ copy android in 113.50ms
✔ Updating Android plugins in 28.90ms
[info] Found 5 Capacitor plugins for android:
       @capacitor/app@8.1.0
       @capacitor/camera@8.0.2
       @capacitor/haptics@8.0.2
       @capacitor/network@6.0.4
       @capacitor/splash-screen@8.0.1
✔ update android in 160.49ms
✖ Running Gradle build - failed!
[error] Starting a Gradle Daemon, 1 incompatible Daemon could not be reused, use --status for details
        
        > Configure project :app
        WARNING:Using flatDir should be avoided because it doesn't support any meta-data formats.
        
        > Configure project :capacitor-cordova-android-plugins
        WARNING:Using flatDir should be avoided because it doesn't support any meta-data formats.
        
        FAILURE: Build failed with an exception.
        
        * What went wrong:
        Could not determine the dependencies of task ':app:packageDebug'.
        > Could not create task ':app:compileDebugJavaWithJavac'.
        > In order to compile Java 9+ source, please set compileSdkVersion to 30 or above
        
        * Try:
        > Run with --stacktrace option to get the stack trace.
        > Run with --info or --debug option to get more log output.
        > Run with --scan to get full insights.
        > Get more help at https://help.gradle.org.
        
        BUILD FAILED in 13s
        
        Deprecated Gradle features were used in this build, making it incompatible with Gradle 9.0.
        
        You can use '--warning-mode all' to show the individual deprecation warnings and determine if they come from your own scripts or plugins.
        
        For more on this, please refer to https://docs.gradle.org/8.4/userguide/command_line_interface.html#sec:command_line_warnings in the Gradle documentation.
        
error: script "dev:android" exited with code 1
